{
  "0 debug pnpm:scope": {
    "selected": 1
  },
  "1 error pnpm": {
    "errno": 1,
    "code": "ELIFECYCLE",
    "pkgid": "website@0.0.0",
    "stage": "start",
    "script": "docusaurus start",
    "pkgname": "website",
    "err": {
      "name": "pnpm",
      "message": "website@0.0.0 start: `docusaurus start`\nExit status 1",
      "code": "ELIFECYCLE",
      "stack": "pnpm: website@0.0.0 start: `docusaurus start`\nExit status 1\n    at EventEmitter.<anonymous> (E:\\nodejs\\node_modules\\pnpm\\dist\\pnpm.cjs:105659:20)\n    at EventEmitter.emit (node:events:520:28)\n    at ChildProcess.<anonymous> (E:\\nodejs\\node_modules\\pnpm\\dist\\pnpm.cjs:92207:18)\n    at ChildProcess.emit (node:events:520:28)\n    at maybeClose (node:internal/child_process:1092:16)\n    at Process.ChildProcess._handle.onexit (node:internal/child_process:302:5)"
    }
  },
  "2 warn pnpm:global": " Local package.json exists, but node_modules missing, did you mean to install?"
}